[INFO ] 2016-06-11 20:03:09,818 Loaded default TestExecutionListener class names from location [META-INF/spring.factories]: [org.springframework.test.context.web.ServletTestExecutionListener, org.springframework.test.context.support.DirtiesContextBeforeModesTestExecutionListener, org.springframework.test.context.support.DependencyInjectionTestExecutionListener, org.springframework.test.context.support.DirtiesContextTestExecutionListener, org.springframework.test.context.transaction.TransactionalTestExecutionListener, org.springframework.test.context.jdbc.SqlScriptsTestExecutionListener]
 org.springframework.test.context.support.AbstractTestContextBootstrapper[INFO ] 2016-06-11 20:03:09,941 Could not instantiate TestExecutionListener [org.springframework.test.context.web.ServletTestExecutionListener]. Specify custom listener classes or make the default listener classes (and their required dependencies) available. Offending class: [javax/servlet/ServletContext]
 org.springframework.test.context.support.AbstractTestContextBootstrapper[INFO ] 2016-06-11 20:03:09,945 Using TestExecutionListeners: [org.springframework.test.context.support.DirtiesContextBeforeModesTestExecutionListener@1593948d, org.springframework.test.context.support.DependencyInjectionTestExecutionListener@1b604f19, org.springframework.test.context.support.DirtiesContextTestExecutionListener@7823a2f9, org.springframework.test.context.transaction.TransactionalTestExecutionListener@4cc0edeb, org.springframework.test.context.jdbc.SqlScriptsTestExecutionListener@457e2f02]
 org.springframework.test.context.support.AbstractTestContextBootstrapper[INFO ] 2016-06-11 20:03:10,380 Loading XML bean definitions from class path resource [init.xml]
 org.springframework.beans.factory.xml.XmlBeanDefinitionReader[INFO ] 2016-06-11 20:03:10,808 Loading XML bean definitions from class path resource [applicationContext-resource.xml]
 org.springframework.beans.factory.xml.XmlBeanDefinitionReader[INFO ] 2016-06-11 20:03:11,243 Loading XML bean definitions from class path resource [applicationContext-dao.xml]
 org.springframework.beans.factory.xml.XmlBeanDefinitionReader[INFO ] 2016-06-11 20:03:11,349 Loading XML bean definitions from class path resource [applicationContext-tx.xml]
 org.springframework.beans.factory.xml.XmlBeanDefinitionReader[INFO ] 2016-06-11 20:03:11,488 Refreshing org.springframework.context.support.GenericApplicationContext@6e1ec318: startup date [Sat Jun 11 20:03:11 GMT+08:00 2016]; root of context hierarchy
 org.springframework.context.support.AbstractApplicationContext[INFO ] 2016-06-11 20:03:12,354 Loading properties file from URL [file:/C:/workspace/github/shaman/shaman-example/target/test-classes/jdbc.properties]
 org.springframework.core.io.support.PropertiesLoaderSupport[INFO ] 2016-06-11 20:03:13,116 MLog clients using log4j logging.
 com.mchange.v2.log.MLog[INFO ] 2016-06-11 20:03:13,982 Initializing c3p0-0.9.1.2 [built 21-May-2007 15:04:56; debug? true; trace: 10]
 com.mchange.v2.c3p0.C3P0Registry[INFO ] 2016-06-11 20:03:14,592 Initializing c3p0 pool... com.mchange.v2.c3p0.ComboPooledDataSource [ acquireIncrement -> 5, acquireRetryAttempts -> 30, acquireRetryDelay -> 1000, autoCommitOnClose -> false, automaticTestTable -> null, breakAfterAcquireFailure -> false, checkoutTimeout -> 0, connectionCustomizerClassName -> null, connectionTesterClassName -> com.mchange.v2.c3p0.impl.DefaultConnectionTester, dataSourceName -> 304mir9hhkqbiukf4gp0|dd0c991, debugUnreturnedConnectionStackTraces -> false, description -> null, driverClass -> com.mysql.jdbc.Driver, factoryClassLocation -> null, forceIgnoreUnresolvedTransactions -> false, identityToken -> 304mir9hhkqbiukf4gp0|dd0c991, idleConnectionTestPeriod -> 0, initialPoolSize -> 10, jdbcUrl -> jdbc:mysql://localhost:3306/forum?useUnicode=true&characterEncoding=utf-8, maxAdministrativeTaskTime -> 0, maxConnectionAge -> 0, maxIdleTime -> 10, maxIdleTimeExcessConnections -> 0, maxPoolSize -> 30, maxStatements -> 0, maxStatementsPerConnection -> 0, minPoolSize -> 5, numHelperThreads -> 3, numThreadsAwaitingCheckoutDefaultUser -> 0, preferredTestQuery -> null, properties -> {user=******, password=******}, propertyCycle -> 0, testConnectionOnCheckin -> false, testConnectionOnCheckout -> false, unreturnedConnectionTimeout -> 0, usesTraditionalReflectiveProxies -> false ]
 com.mchange.v2.c3p0.impl.AbstractPoolBackedDataSource[INFO ] 2016-06-11 20:03:15,231 Began transaction (1) for test context [DefaultTestContext@57bc27f5 testClass = InsertExampleTest, testInstance = org.shaman.example.InsertExampleTest@5fb759d6, testMethod = testInsertForUserInfo@InsertExampleTest, testException = [null], mergedContextConfiguration = [MergedContextConfiguration@7ee8290b testClass = InsertExampleTest, locations = '{classpath:/init.xml}', classes = '{}', contextInitializerClasses = '[]', activeProfiles = '{}', propertySourceLocations = '{}', propertySourceProperties = '{}', contextLoader = 'org.springframework.test.context.support.DelegatingSmartContextLoader', parent = [null]]]; transaction manager [org.springframework.jdbc.datasource.DataSourceTransactionManager@4b8d604b]; rollback [true]
 org.springframework.test.context.transaction.TransactionContext[INFO ] 2016-06-11 20:03:15,352 id: 4
 userName: lisi
 passwd: C33367701511B4F6020EC61DED352059
 org.shaman.example.InsertExampleTest[INFO ] 2016-06-11 20:03:15,352 id: 4
 userName: lisi
 passwd: C33367701511B4F6020EC61DED352059
 org.shaman.example.InsertExampleTest[INFO ] 2016-06-11 20:03:15,364 Rolled back transaction for test context [DefaultTestContext@57bc27f5 testClass = InsertExampleTest, testInstance = org.shaman.example.InsertExampleTest@5fb759d6, testMethod = testInsertForUserInfo@InsertExampleTest, testException = [null], mergedContextConfiguration = [MergedContextConfiguration@7ee8290b testClass = InsertExampleTest, locations = '{classpath:/init.xml}', classes = '{}', contextInitializerClasses = '[]', activeProfiles = '{}', propertySourceLocations = '{}', propertySourceProperties = '{}', contextLoader = 'org.springframework.test.context.support.DelegatingSmartContextLoader', parent = [null]]].
 org.springframework.test.context.transaction.TransactionContext[INFO ] 2016-06-11 20:03:15,492 Closing org.springframework.context.support.GenericApplicationContext@6e1ec318: startup date [Sat Jun 11 20:03:11 GMT+08:00 2016]; root of context hierarchy
 org.springframework.context.support.AbstractApplicationContext